[23:26:30]: Building...
[23:26:31]: Building index.html...
[23:26:31]: Building style.css...
[23:26:31]: Building main.ts...
[23:26:32]: Building Slowgramming.ts...
[23:26:32]: Building util.ts...
[23:26:32]: Building web-animations.min.js...
[23:26:37]: Built ../node_modules/web-animations-js/web-animations.min.js...
[23:26:37]: Building config.ts...
[23:26:37]: Building animate.ts...
[23:26:37]: Building LineView.ts...
[23:26:37]: Building evaluate.ts...
[23:26:37]: Building SourcePositionTracker.ts...
[23:26:37]: Building assert.js...
[23:26:37]: Built style.css...
[23:26:37]: Building esprima.js...
[23:26:37]: Built lib/util.ts...
[23:26:37]: Building util.js...
[23:26:42]: Built ../node_modules/esprima/dist/esprima.js...
[23:26:42]: Built config.ts...
[23:26:42]: Built lib/animate.ts...
[23:26:42]: Building Position.ts...
[23:26:42]: Building StringModifications.ts...
[23:26:42]: Building isBufferBrowser.js...
[23:26:42]: Building browser.js...
[23:26:42]: Building inherits_browser.js...
[23:26:43]: Building CharRangeView.ts...
[23:26:43]: Building JS.ts...
[23:26:43]: Built ../node_modules/process/browser.js...
[23:26:43]: Built ../node_modules/assert/node_modules/inherits/inherits_browser.js...
[23:26:43]: Built ../node_modules/assert/node_modules/util/support/isBufferBrowser.js...
[23:26:43]: Built ../node_modules/assert/node_modules/util/util.js...
[23:26:43]: Built ../node_modules/assert/assert.js...
[23:26:43]: Built lib/Position.ts...
[23:26:43]: Built lib/StringModifications.ts...
[23:26:43]: Built lib/SourcePositionTracker.ts...
[23:26:44]: Built vis/CharRangeView.ts...
[23:26:44]: Built vis/LineView.ts...
[23:26:45]: Built eval/JS.ts...
[23:26:45]: Built eval/evaluate.ts...
[23:26:45]: Built Slowgramming.ts...
[23:26:45]: Built main.ts...
[23:26:45]: Built index.html...
[23:26:45]: Producing bundles...
[23:26:45]: Packaging...
[23:26:45]: ✨  Built in 14.40s.
[23:26:45]: 
[23:26:45]: dist/main.72815e3a.map     635.93 KB     112ms
[23:26:45]: dist/style.4c14947d.css    289.88 KB     6.32s
[23:26:45]: dist/main.72815e3a.js      218.84 KB    14.03s
[23:26:45]: dist/index.html                293 B     186ms
[23:26:45]: dist/style.4c14947d.map        101 B       9ms
