[12:57:33]: Building...
[12:57:33]: Building index.html...
[12:57:33]: Building style.css...
[12:57:33]: Building main.ts...
[12:57:35]: Installing @babel/core...
[12:57:42]: Built style.css...
[12:57:42]: Building Slowgramming.ts...
[12:57:42]: Building util.ts...
[12:57:42]: Building web-animations.min.js...
[12:57:43]: Built ../node_modules/web-animations-js/web-animations.min.js...
[12:57:43]: Building config.ts...
[12:57:43]: Building animate.ts...
[12:57:43]: Building LineView.ts...
[12:57:43]: Building evaluate.ts...
[12:57:43]: Building SourcePositionTracker.ts...
[12:57:43]: Building assert.js...
[12:57:43]: Building esprima.js...
[12:57:44]: Building util.js...
[12:57:46]: Built ../node_modules/esprima/dist/esprima.js...
[12:57:46]: Built config.ts...
[12:57:46]: Building isBufferBrowser.js...
[12:57:46]: Building browser.js...
[12:57:46]: Building inherits_browser.js...
[12:57:46]: Built lib/util.ts...
[12:57:46]: Built lib/animate.ts...
[12:57:46]: Building Position.ts...
[12:57:46]: Building StringModifications.ts...
[12:57:46]: Built ../node_modules/process/browser.js...
[12:57:46]: Built ../node_modules/assert/node_modules/inherits/inherits_browser.js...
[12:57:46]: Built ../node_modules/assert/node_modules/util/support/isBufferBrowser.js...
[12:57:46]: Built ../node_modules/assert/node_modules/util/util.js...
[12:57:46]: Built ../node_modules/assert/assert.js...
[12:57:47]: Building CharRangeView.ts...
[12:57:47]: Building JS.ts...
[12:57:47]: Built lib/Position.ts...
[12:57:47]: Built lib/StringModifications.ts...
[12:57:47]: Built lib/SourcePositionTracker.ts...
[12:57:48]: Built vis/CharRangeView.ts...
[12:57:48]: Built vis/LineView.ts...
[12:57:48]: Built eval/JS.ts...
[12:57:48]: Built eval/evaluate.ts...
[12:57:48]: Built Slowgramming.ts...
[12:57:48]: Built main.ts...
[12:57:48]: Built index.html...
[12:57:48]: Producing bundles...
[12:57:48]: Packaging...
[12:57:48]: ✨  Built in 15.23s.
[12:57:48]: 
[12:57:48]: dist/main.07dafb47.map     634.18 KB      54ms
[12:57:48]: dist/style.4c14947d.css    289.88 KB     8.77s
[12:57:48]: dist/main.07dafb47.js      217.28 KB    14.80s
[12:57:48]: dist/index.html                293 B     329ms
[12:57:48]: dist/style.4c14947d.map        101 B       4ms
